1561529378307	geckodriver	INFO	geckodriver 0.18.0
1561529378319	geckodriver	INFO	Listening on 127.0.0.1:54693
1561529381382	geckodriver::marionette	INFO	Starting browser C:\Program Files\Mozilla Firefox\firefox.exe with args ["-marionette"]
1561529382328	addons.webextension.screenshots@mozilla.org	WARN	Loading extension 'screenshots@mozilla.org': Reading manifest: Invalid extension permission: mozillaAddons
1561529382328	addons.webextension.screenshots@mozilla.org	WARN	Loading extension 'screenshots@mozilla.org': Reading manifest: Invalid extension permission: resource://pdf.js/
1561529382328	addons.webextension.screenshots@mozilla.org	WARN	Loading extension 'screenshots@mozilla.org': Reading manifest: Invalid extension permission: about:reader*
1561529382444	Marionette	TRACE	Received observer notification profile-after-change
1561529382572	Marionette	TRACE	Received observer notification toplevel-window-ready
1561529382633	Marionette	TRACE	Received observer notification command-line-startup
1561529382634	Marionette	TRACE	Received observer notification nsPref:changed
1561529382634	Marionette	DEBUG	Init aborted (running=false, enabled=true, finalUIStartup=false)
1561529382721	Marionette	TRACE	Received observer notification toplevel-window-ready
1561529384231	Marionette	TRACE	Received observer notification marionette-startup-requested
1561529384231	Marionette	TRACE	Waiting until startup recorder finished recording startup scripts...
1561529384247	Marionette	TRACE	All scripts recorded.
1561529384247	Marionette	DEBUG	Setting recommended pref app.normandy.api_url to 
1561529384248	Marionette	DEBUG	Setting recommended pref app.update.disabledForTesting to true
1561529384248	Marionette	DEBUG	Setting recommended pref browser.contentblocking.introCount to 99
1561529384248	Marionette	DEBUG	Setting recommended pref browser.safebrowsing.passwords.enabled to false
1561529384248	Marionette	DEBUG	Setting recommended pref browser.urlbar.suggest.searches to false
1561529384250	Marionette	DEBUG	Setting recommended pref datareporting.policy.dataSubmissionPolicyAccepted to false
1561529384250	Marionette	DEBUG	Setting recommended pref dom.disable_beforeunload to true
1561529384250	Marionette	DEBUG	Setting recommended pref dom.file.createInChild to true
1561529384250	Marionette	DEBUG	Setting recommended pref security.certerrors.mitm.priming.enabled to false
1561529384251	Marionette	DEBUG	Setting recommended pref toolkit.cosmeticAnimations.enabled to false
1561529384300	Marionette	INFO	Listening on port 54707
1561529384300	Marionette	DEBUG	Remote service is active
1561529384969	Marionette	DEBUG	Accepted connection 0 from 127.0.0.1:54731
1561529384970	Marionette	DEBUG	0 -> [0,1,"newSession",{"acceptInsecureCerts":true,"browserName":"firefox","capabilities":{"desiredCapabilities":{"acceptInsecureCerts":true,"browserName":"firefox"}}}]
1561529384971	Marionette	DEBUG	0 <- [1,1,{"error":"unknown command","message":"newSession","stacktrace":"WebDriverError@chrome://marionette/content/error.js:179: ... t@chrome://marionette/content/server.js:236:9\n_onJSONObjectReady/<@chrome://marionette/content/transport.js:492:20\n"},null]
1561529385012	Marionette	DEBUG	Closed connection 0
[Child 63568, Chrome_ChildThread] WARNING: pipe error: 109: file z:/task_1560988636/build/src/ipc/chromium/src/chrome/common/ipc_channel_win.cc, line 341
[Child 63568, Chrome_ChildThread] WARNING: pipe error[Parent 59428, Gecko_IOThread] WARNING: pipe error: 109: file z:/task_1560988636/build/src/ipc/chromium/src/chrome/common/ipc_channel_win.cc, line 341
[Child 63948, Chrome_ChildThread] WARNING: pipe error: 109: file z:/task_1560988636/build/src/ipc/chromium/src/chrome/common/ipc_channel_win.cc, line 341
[Child 63948, Chrome_ChildThrea1561529459221	Marionette	TRACE	Received observer notification xpcom-will-shutdown
1561529459221	Marionette	DEBUG	Resetting recommended pref app.normandy.api_url
1561529459221	Marionette	DEBUG	Resetting recommended pref app.update.disabledForTesting
1561529459221	Marionette	DEBUG	Resetting recommended pref browser.contentblocking.introCount
1561529459221	Marionette	DEBUG	Resetting recommended pref browser.safebrowsing.passwords.enabled
1561529459221	Marionette	DEBUG	Resetting recommended pref browser.urlbar.suggest.searches
1561529459222	Marionette	DEBUG	Resetting recommended pref datareporting.policy.dataSubmissionPolicyAccepted
1561529459222	Marionette	DEBUG	Resetting recommended pref dom.disable_beforeunload
1561529459222	Marionette	DEBUG	Resetting recommended pref dom.file.createInChild
1561529459222	Marionette	DEBUG	Resetting recommended pref security.certerrors.mitm.priming.enabled
1561529459223	Marionette	DEBUG	Resetting recommended pref toolkit.cosmeticAnimations.enabled
1561529459223	Marionette	INFO	Stopped listening on port 54707
1561529459223	Marionette	DEBUG	Remote service is inactive
[GPU 
###!!! [Child][RunMessage] Error: Channel closing: too late to send/recv, messages will be lost


###!!! [Child][MessageChannel::SendAndWait] Error: Channel error: cannot send/recv

